[06-Nov-2024 00:13:43 Asia/Seoul] PHP Notice:  Undefined variable: user_id의 in /home/lidyahkc/dir/1626.lidyahk.com/pages/commission.php on line 80
[06-Nov-2024 00:13:43 Asia/Seoul] 사용자  수수료 통계: Array
(
    [direct] => 327000.00
    [distributor] => 885000.00
    [special] => 0.00
    [total] => 1212000.00
)

[06-Nov-2024 00:13:43 Asia/Seoul] 사용자 93 - 수수료 총액: 1212000.00, 포인트 총액: 1142000.00
[06-Nov-2024 00:13:43 Asia/Seoul] 사용자 93의 불일치 감지 - 수수료 총액: 1212000.00, 포인트 총액: 1142000.00
[06-Nov-2024 00:14:15 Asia/Seoul] PHP Notice:  Undefined variable: user_id의 in /home/lidyahkc/dir/1626.lidyahk.com/pages/commission.php on line 80
[06-Nov-2024 00:14:15 Asia/Seoul] 사용자  수수료 통계: Array
(
    [direct] => 327000.00
    [distributor] => 885000.00
    [special] => 0.00
    [total] => 1212000.00
)

[06-Nov-2024 00:14:15 Asia/Seoul] 사용자 93 - 수수료 총액: 1212000.00, 포인트 총액: 1142000.00
[06-Nov-2024 00:14:15 Asia/Seoul] 사용자 93의 불일치 감지 - 수수료 총액: 1212000.00, 포인트 총액: 1142000.00
[06-Nov-2024 00:15:31 Asia/Seoul] PHP Notice:  Undefined variable: user_id의 in /home/lidyahkc/dir/1626.lidyahk.com/pages/commission.php on line 80
[06-Nov-2024 00:15:31 Asia/Seoul] 사용자  수수료 통계: Array
(
    [direct] => 327000.00
    [distributor] => 885000.00
    [special] => 0.00
    [total] => 1212000.00
)

[06-Nov-2024 00:15:31 Asia/Seoul] 사용자 93 - 수수료 총액: 1212000.00, 포인트 총액: 1142000.00
[06-Nov-2024 00:15:31 Asia/Seoul] 사용자 93의 불일치 감지 - 수수료 총액: 1212000.00, 포인트 총액: 1142000.00
[06-Nov-2024 00:15:36 Asia/Seoul] PHP Notice:  Undefined variable: user_id의 in /home/lidyahkc/dir/1626.lidyahk.com/pages/commission.php on line 80
[06-Nov-2024 00:15:36 Asia/Seoul] 사용자  수수료 통계: Array
(
    [direct] => 327000.00
    [distributor] => 885000.00
    [special] => 0.00
    [total] => 1212000.00
)

[06-Nov-2024 00:15:36 Asia/Seoul] 사용자 93 - 수수료 총액: 1212000.00, 포인트 총액: 1142000.00
[06-Nov-2024 00:15:36 Asia/Seoul] 사용자 93의 불일치 감지 - 수수료 총액: 1212000.00, 포인트 총액: 1142000.00
[06-Nov-2024 00:16:33 Asia/Seoul] PHP Notice:  Undefined variable: user_id의 in /home/lidyahkc/dir/1626.lidyahk.com/pages/commission.php on line 80
[06-Nov-2024 00:16:33 Asia/Seoul] 사용자  수수료 통계: Array
(
    [direct] => 327000.00
    [distributor] => 885000.00
    [special] => 0.00
    [total] => 1212000.00
)

[06-Nov-2024 00:16:33 Asia/Seoul] 사용자 93 - 수수료 총액: 1212000.00, 포인트 총액: 1142000.00
[06-Nov-2024 00:16:33 Asia/Seoul] 사용자 93의 불일치 감지 - 수수료 총액: 1212000.00, 포인트 총액: 1142000.00
[06-Nov-2024 00:16:38 Asia/Seoul] PHP Notice:  Undefined variable: user_id의 in /home/lidyahkc/dir/1626.lidyahk.com/pages/commission.php on line 80
[06-Nov-2024 00:16:38 Asia/Seoul] 사용자  수수료 통계: Array
(
    [direct] => 327000.00
    [distributor] => 885000.00
    [special] => 0.00
    [total] => 1212000.00
)

[06-Nov-2024 00:16:38 Asia/Seoul] 사용자 93 - 수수료 총액: 1212000.00, 포인트 총액: 1142000.00
[06-Nov-2024 00:16:38 Asia/Seoul] 사용자 93의 불일치 감지 - 수수료 총액: 1212000.00, 포인트 총액: 1142000.00
[06-Nov-2024 00:17:11 Asia/Seoul] PHP Notice:  Undefined variable: user_id의 in /home/lidyahkc/dir/1626.lidyahk.com/pages/commission.php on line 80
[06-Nov-2024 00:17:11 Asia/Seoul] 사용자  수수료 통계: Array
(
    [direct] => 327000.00
    [distributor] => 885000.00
    [special] => 0.00
    [total] => 1212000.00
)

[06-Nov-2024 00:17:11 Asia/Seoul] 사용자 93 - 수수료 총액: 1212000.00, 포인트 총액: 1142000.00
[06-Nov-2024 00:17:11 Asia/Seoul] 사용자 93의 불일치 감지 - 수수료 총액: 1212000.00, 포인트 총액: 1142000.00
[06-Nov-2024 00:17:25 Asia/Seoul] PHP Notice:  Undefined variable: user_id의 in /home/lidyahkc/dir/1626.lidyahk.com/pages/commission.php on line 80
[06-Nov-2024 00:17:25 Asia/Seoul] 사용자  수수료 통계: Array
(
    [direct] => 327000.00
    [distributor] => 885000.00
    [special] => 0.00
    [total] => 1212000.00
)

[06-Nov-2024 00:17:25 Asia/Seoul] 사용자 93 - 수수료 총액: 1212000.00, 포인트 총액: 1142000.00
[06-Nov-2024 00:17:25 Asia/Seoul] 사용자 93의 불일치 감지 - 수수료 총액: 1212000.00, 포인트 총액: 1142000.00
[06-Nov-2024 00:18:10 Asia/Seoul] PHP Notice:  Undefined variable: user_id의 in /home/lidyahkc/dir/1626.lidyahk.com/pages/commission.php on line 80
[06-Nov-2024 00:18:10 Asia/Seoul] 사용자  수수료 통계: Array
(
    [direct] => 327000.00
    [distributor] => 885000.00
    [special] => 0.00
    [total] => 1212000.00
)

[06-Nov-2024 00:18:10 Asia/Seoul] 사용자 93 - 수수료 총액: 1212000.00, 포인트 총액: 1142000.00
[06-Nov-2024 00:18:10 Asia/Seoul] 사용자 93의 불일치 감지 - 수수료 총액: 1212000.00, 포인트 총액: 1142000.00
[06-Nov-2024 00:18:56 Asia/Seoul] PHP Notice:  Undefined variable: user_id의 in /home/lidyahkc/dir/1626.lidyahk.com/pages/commission.php on line 80
[06-Nov-2024 00:18:56 Asia/Seoul] 사용자  수수료 통계: Array
(
    [direct] => 327000.00
    [distributor] => 885000.00
    [special] => 0.00
    [total] => 1212000.00
)

[06-Nov-2024 00:18:56 Asia/Seoul] 사용자 93 - 수수료 총액: 1212000.00, 포인트 총액: 1142000.00
[06-Nov-2024 00:18:56 Asia/Seoul] 사용자 93의 불일치 감지 - 수수료 총액: 1212000.00, 포인트 총액: 1142000.00
[06-Nov-2024 00:19:49 Asia/Seoul] PHP Notice:  Undefined variable: user_id의 in /home/lidyahkc/dir/1626.lidyahk.com/pages/commission.php on line 80
[06-Nov-2024 00:19:49 Asia/Seoul] 사용자  수수료 통계: Array
(
    [direct] => 327000.00
    [distributor] => 885000.00
    [special] => 0.00
    [total] => 1212000.00
)

[06-Nov-2024 00:19:49 Asia/Seoul] 사용자 93 - 수수료 총액: 1212000.00, 포인트 총액: 1142000.00
[06-Nov-2024 00:19:49 Asia/Seoul] 사용자 93의 불일치 감지 - 수수료 총액: 1212000.00, 포인트 총액: 1142000.00
[06-Nov-2024 00:19:54 Asia/Seoul] PHP Notice:  Undefined variable: user_id의 in /home/lidyahkc/dir/1626.lidyahk.com/pages/commission.php on line 80
[06-Nov-2024 00:19:54 Asia/Seoul] 사용자  수수료 통계: Array
(
    [direct] => 327000.00
    [distributor] => 885000.00
    [special] => 0.00
    [total] => 1212000.00
)

[06-Nov-2024 00:19:54 Asia/Seoul] 사용자 93 - 수수료 총액: 1212000.00, 포인트 총액: 1142000.00
[06-Nov-2024 00:19:54 Asia/Seoul] 사용자 93의 불일치 감지 - 수수료 총액: 1212000.00, 포인트 총액: 1142000.00
[06-Nov-2024 00:19:58 Asia/Seoul] PHP Notice:  Undefined variable: user_id의 in /home/lidyahkc/dir/1626.lidyahk.com/pages/commission.php on line 80
[06-Nov-2024 00:19:58 Asia/Seoul] 사용자  수수료 통계: Array
(
    [direct] => 327000.00
    [distributor] => 885000.00
    [special] => 0.00
    [total] => 1212000.00
)

[06-Nov-2024 00:19:58 Asia/Seoul] 사용자 93 - 수수료 총액: 1212000.00, 포인트 총액: 1142000.00
[06-Nov-2024 00:19:58 Asia/Seoul] 사용자 93의 불일치 감지 - 수수료 총액: 1212000.00, 포인트 총액: 1142000.00
[06-Nov-2024 00:20:29 Asia/Seoul] PHP Notice:  Undefined variable: user_id의 in /home/lidyahkc/dir/1626.lidyahk.com/pages/commission.php on line 80
[06-Nov-2024 00:20:29 Asia/Seoul] 사용자  수수료 통계: Array
(
    [direct] => 327000.00
    [distributor] => 885000.00
    [special] => 0.00
    [total] => 1212000.00
)

[06-Nov-2024 00:20:29 Asia/Seoul] 사용자 93 - 수수료 총액: 1212000.00, 포인트 총액: 1142000.00
[06-Nov-2024 00:20:29 Asia/Seoul] 사용자 93의 불일치 감지 - 수수료 총액: 1212000.00, 포인트 총액: 1142000.00
[06-Nov-2024 00:21:14 Asia/Seoul] PHP Notice:  Undefined variable: user_id의 in /home/lidyahkc/dir/1626.lidyahk.com/pages/commission.php on line 80
[06-Nov-2024 00:21:14 Asia/Seoul] 사용자  수수료 통계: Array
(
    [direct] => 327000.00
    [distributor] => 885000.00
    [special] => 0.00
    [total] => 1212000.00
)

[06-Nov-2024 00:21:14 Asia/Seoul] 사용자 93 - 수수료 총액: 1212000.00, 포인트 총액: 1142000.00
[06-Nov-2024 00:21:14 Asia/Seoul] 사용자 93의 불일치 감지 - 수수료 총액: 1212000.00, 포인트 총액: 1142000.00
[06-Nov-2024 00:21:49 Asia/Seoul] PHP Notice:  Undefined variable: user_id의 in /home/lidyahkc/dir/1626.lidyahk.com/pages/commission.php on line 80
[06-Nov-2024 00:21:49 Asia/Seoul] 사용자  수수료 통계: Array
(
    [direct] => 327000.00
    [distributor] => 885000.00
    [special] => 0.00
    [total] => 1212000.00
)

[06-Nov-2024 00:21:49 Asia/Seoul] 사용자 93 - 수수료 총액: 1212000.00, 포인트 총액: 1142000.00
[06-Nov-2024 00:21:49 Asia/Seoul] 사용자 93의 불일치 감지 - 수수료 총액: 1212000.00, 포인트 총액: 1142000.00
[06-Nov-2024 00:49:08 Asia/Seoul] PHP Notice:  Undefined variable: user_id의 in /home/lidyahkc/dir/1626.lidyahk.com/pages/commission.php on line 80
[06-Nov-2024 00:49:08 Asia/Seoul] 사용자  수수료 통계: Array
(
    [direct] => 0
    [distributor] => 0
    [special] => 0
    [total] => 0
)

[06-Nov-2024 00:49:08 Asia/Seoul] 사용자 24886 - 수수료 총액: 0.00, 포인트 총액: 0.00
[06-Nov-2024 01:16:46 Asia/Seoul] PHP Notice:  Undefined variable: user_id의 in /home/lidyahkc/dir/1626.lidyahk.com/pages/commission.php on line 80
[06-Nov-2024 01:16:46 Asia/Seoul] 사용자  수수료 통계: Array
(
    [direct] => 0
    [distributor] => 0
    [special] => 0
    [total] => 0
)

[06-Nov-2024 01:16:46 Asia/Seoul] 사용자 24906 - 수수료 총액: 0.00, 포인트 총액: 0.00
[06-Nov-2024 01:16:58 Asia/Seoul] PHP Notice:  Undefined variable: user_id의 in /home/lidyahkc/dir/1626.lidyahk.com/pages/commission.php on line 80
[06-Nov-2024 01:16:58 Asia/Seoul] 사용자  수수료 통계: Array
(
    [direct] => 0
    [distributor] => 0
    [special] => 0
    [total] => 0
)

[06-Nov-2024 01:16:58 Asia/Seoul] 사용자 24906 - 수수료 총액: 0.00, 포인트 총액: 0.00
[06-Nov-2024 01:18:36 Asia/Seoul] PHP Notice:  Undefined variable: user_id의 in /home/lidyahkc/dir/1626.lidyahk.com/pages/commission.php on line 80
[06-Nov-2024 01:18:36 Asia/Seoul] 사용자  수수료 통계: Array
(
    [direct] => 0
    [distributor] => 0
    [special] => 0
    [total] => 0
)

[06-Nov-2024 01:18:36 Asia/Seoul] 사용자 24906 - 수수료 총액: 0.00, 포인트 총액: 0.00
[06-Nov-2024 01:23:25 Asia/Seoul] PHP Notice:  Undefined variable: user_id의 in /home/lidyahkc/dir/1626.lidyahk.com/pages/commission.php on line 80
[06-Nov-2024 01:23:25 Asia/Seoul] 사용자  수수료 통계: Array
(
    [direct] => 0
    [distributor] => 0
    [special] => 0
    [total] => 0
)

[06-Nov-2024 01:23:25 Asia/Seoul] 사용자 24796 - 수수료 총액: 0.00, 포인트 총액: 0.00
[06-Nov-2024 01:31:07 Asia/Seoul] Commission processed - User: 85, Amount: 6000.00, Cash: 3000.00, Mileage: 3000.00
[06-Nov-2024 01:31:07 Asia/Seoul] Commission processed - User: 4, Amount: 2000.00, Cash: 1000.00, Mileage: 1000.00
[06-Nov-2024 01:31:30 Asia/Seoul] Commission processed - User: 1986, Amount: 6000.00, Cash: 3000.00, Mileage: 3000.00
[06-Nov-2024 01:31:30 Asia/Seoul] Commission processed - User: 1, Amount: 2000.00, Cash: 1000.00, Mileage: 1000.00
[06-Nov-2024 05:01:34 Asia/Seoul] PHP Notice:  Undefined variable: user_id의 in /home/lidyahkc/dir/1626.lidyahk.com/pages/commission.php on line 80
[06-Nov-2024 05:01:34 Asia/Seoul] 사용자  수수료 통계: Array
(
    [direct] => 420000.00
    [distributor] => 5312400.00
    [special] => 238000.00
    [total] => 5970400.00
)

[06-Nov-2024 05:01:34 Asia/Seoul] 사용자 5 - 수수료 총액: 5970400.00, 포인트 총액: 3970400.00
[06-Nov-2024 05:01:34 Asia/Seoul] 사용자 5의 불일치 감지 - 수수료 총액: 5970400.00, 포인트 총액: 3970400.00
